[ INFO ] [2019-09-26 10:46:52] [ LOGID: ] [org.springframework.boot.StartupInfoLogger.logStarting(StartupInfoLogger.java:50)] Starting IntegrationApplication on zhaoyuyang1190 with PID 3440 (D:\workplace\integration\target\classes started by Administrator in D:\workplace\integration)
[ INFO ] [2019-09-26 10:46:52] [ LOGID: ] [org.springframework.boot.SpringApplication.logStartupProfileInfo(SpringApplication.java:648)] No active profile set, falling back to default profiles: default
[ INFO ] [2019-09-26 10:46:54] [ LOGID: ] [org.springframework.boot.web.embedded.tomcat.TomcatWebServer.initialize(TomcatWebServer.java:90)] Tomcat initialized with port(s): 8888 (http)
[ INFO ] [2019-09-26 10:46:54] [ LOGID: ] [org.apache.juli.logging.DirectJDKLog.log(DirectJDKLog.java:173)] Initializing ProtocolHandler ["http-nio-8888"]
[ INFO ] [2019-09-26 10:46:54] [ LOGID: ] [org.apache.juli.logging.DirectJDKLog.log(DirectJDKLog.java:173)] Starting service [Tomcat]
[ INFO ] [2019-09-26 10:46:54] [ LOGID: ] [org.apache.juli.logging.DirectJDKLog.log(DirectJDKLog.java:173)] Starting Servlet engine: [Apache Tomcat/9.0.24]
[ INFO ] [2019-09-26 10:46:54] [ LOGID: ] [org.apache.juli.logging.DirectJDKLog.log(DirectJDKLog.java:173)] Initializing Spring embedded WebApplicationContext
[ INFO ] [2019-09-26 10:46:54] [ LOGID: ] [org.springframework.boot.web.servlet.context.ServletWebServerApplicationContext.prepareWebApplicationContext(ServletWebServerApplicationContext.java:284)] Root WebApplicationContext: initialization completed in 1593 ms
[ INFO ] [2019-09-26 10:46:54] [ LOGID: ] [com.alibaba.druid.spring.boot.autoconfigure.DruidDataSourceAutoConfigure.dataSource(DruidDataSourceAutoConfigure.java:56)] Init DruidDataSource
[ ERROR ] [2019-09-26 10:46:54] [ LOGID: ] [com.alibaba.druid.pool.DruidDataSource.validationQueryCheck(DruidDataSource.java:1070)] testWhileIdle is true, validationQuery not set
[ INFO ] [2019-09-26 10:46:54] [ LOGID: ] [com.alibaba.druid.pool.DruidDataSource.init(DruidDataSource.java:930)] {dataSource-1} inited
[ INFO ] [2019-09-26 10:46:55] [ LOGID: ] [org.springframework.scheduling.concurrent.ExecutorConfigurationSupport.initialize(ExecutorConfigurationSupport.java:171)] Initializing ExecutorService 'applicationTaskExecutor'
[ INFO ] [2019-09-26 10:46:56] [ LOGID: ] [org.springframework.amqp.rabbit.connection.AbstractConnectionFactory.createBareConnection(AbstractConnectionFactory.java:482)] Attempting to connect to: [127.0.0.1:5672]
[ INFO ] [2019-09-26 10:46:56] [ LOGID: ] [org.springframework.amqp.rabbit.connection.AbstractConnectionFactory.createBareConnection(AbstractConnectionFactory.java:517)] Created new connection: rabbitConnectionFactory#96abc76:0/SimpleConnection@182cc69e [delegate=amqp://admin@127.0.0.1:5672/, localPort= 59374]
[ INFO ] [2019-09-26 10:46:56] [ LOGID: ] [org.apache.juli.logging.DirectJDKLog.log(DirectJDKLog.java:173)] Starting ProtocolHandler ["http-nio-8888"]
[ INFO ] [2019-09-26 10:46:56] [ LOGID: ] [org.springframework.boot.web.embedded.tomcat.TomcatWebServer.start(TomcatWebServer.java:202)] Tomcat started on port(s): 8888 (http) with context path ''
[ INFO ] [2019-09-26 10:46:56] [ LOGID: ] [org.springframework.boot.StartupInfoLogger.logStarted(StartupInfoLogger.java:59)] Started IntegrationApplication in 4.419 seconds (JVM running for 6.098)
[ INFO ] [2019-09-26 10:47:18] [ LOGID: ] [org.apache.juli.logging.DirectJDKLog.log(DirectJDKLog.java:173)] Initializing Spring DispatcherServlet 'dispatcherServlet'
[ INFO ] [2019-09-26 10:47:18] [ LOGID: ] [org.springframework.web.servlet.FrameworkServlet.initServletBean(FrameworkServlet.java:524)] Initializing Servlet 'dispatcherServlet'
[ INFO ] [2019-09-26 10:47:18] [ LOGID: ] [org.springframework.web.servlet.FrameworkServlet.initServletBean(FrameworkServlet.java:546)] Completed initialization in 17 ms
[ WARN ] [2019-09-26 10:47:18] [ LOGID: ] [org.springframework.web.servlet.mvc.method.annotation.ResponseEntityExceptionHandler.handleHttpRequestMethodNotSupported(ResponseEntityExceptionHandler.java:208)] Request method 'POST' not supported
[ ERROR ] [2019-09-26 10:47:18] [ LOGID: ] [zhaoyy.integration.exception.GlobalExceptionHandle.handleExceptionInternal(GlobalExceptionHandle.java:62)] 未 catch 错误.请求状态码405, body:null
