2019.09.26 at 10:50:00 CST INFO  org.springframework.boot.StartupInfoLogger logStarting() @50 - Starting IntegrationApplication on zhaoyuyang1190 with PID 6968 (D:\workplace\integration\target\classes started by Administrator in D:\workplace\integration)
2019.09.26 at 10:50:00 CST INFO  org.springframework.boot.SpringApplication logStartupProfileInfo() @648 - No active profile set, falling back to default profiles: default
2019.09.26 at 10:50:02 CST INFO  org.springframework.boot.web.embedded.tomcat.TomcatWebServer initialize() @90 - Tomcat initialized with port(s): 8888 (http)
2019.09.26 at 10:50:02 CST INFO  org.apache.juli.logging.DirectJDKLog log() @173 - Initializing ProtocolHandler ["http-nio-8888"]
2019.09.26 at 10:50:02 CST INFO  org.apache.juli.logging.DirectJDKLog log() @173 - Starting service [Tomcat]
2019.09.26 at 10:50:02 CST INFO  org.apache.juli.logging.DirectJDKLog log() @173 - Starting Servlet engine: [Apache Tomcat/9.0.24]
2019.09.26 at 10:50:02 CST INFO  org.apache.juli.logging.DirectJDKLog log() @173 - Initializing Spring embedded WebApplicationContext
2019.09.26 at 10:50:02 CST INFO  org.springframework.boot.web.servlet.context.ServletWebServerApplicationContext prepareWebApplicationContext() @284 - Root WebApplicationContext: initialization completed in 1396 ms
2019.09.26 at 10:50:02 CST INFO  com.alibaba.druid.spring.boot.autoconfigure.DruidDataSourceAutoConfigure dataSource() @56 - Init DruidDataSource
2019.09.26 at 10:50:02 CST ERROR com.alibaba.druid.pool.DruidDataSource validationQueryCheck() @1070 - testWhileIdle is true, validationQuery not set
2019.09.26 at 10:50:02 CST INFO  com.alibaba.druid.pool.DruidDataSource init() @930 - {dataSource-1} inited
2019.09.26 at 10:50:03 CST INFO  org.springframework.scheduling.concurrent.ExecutorConfigurationSupport initialize() @171 - Initializing ExecutorService 'applicationTaskExecutor'
2019.09.26 at 10:50:03 CST INFO  org.springframework.amqp.rabbit.connection.AbstractConnectionFactory createBareConnection() @482 - Attempting to connect to: [127.0.0.1:5672]
2019.09.26 at 10:50:03 CST INFO  org.springframework.amqp.rabbit.connection.AbstractConnectionFactory createBareConnection() @517 - Created new connection: rabbitConnectionFactory#1abcd059:0/SimpleConnection@45c90a05 [delegate=amqp://admin@127.0.0.1:5672/, localPort= 59723]
2019.09.26 at 10:50:03 CST INFO  org.apache.juli.logging.DirectJDKLog log() @173 - Starting ProtocolHandler ["http-nio-8888"]
2019.09.26 at 10:50:03 CST INFO  org.springframework.boot.web.embedded.tomcat.TomcatWebServer start() @202 - Tomcat started on port(s): 8888 (http) with context path ''
2019.09.26 at 10:50:03 CST INFO  org.springframework.boot.StartupInfoLogger logStarted() @59 - Started IntegrationApplication in 3.644 seconds (JVM running for 5.591)
2019.09.26 at 10:50:11 CST INFO  org.apache.juli.logging.DirectJDKLog log() @173 - Initializing Spring DispatcherServlet 'dispatcherServlet'
2019.09.26 at 10:50:11 CST INFO  org.springframework.web.servlet.FrameworkServlet initServletBean() @524 - Initializing Servlet 'dispatcherServlet'
2019.09.26 at 10:50:11 CST INFO  org.springframework.web.servlet.FrameworkServlet initServletBean() @546 - Completed initialization in 7 ms
2019.09.26 at 10:50:11 CST WARN  org.springframework.web.servlet.mvc.method.annotation.ResponseEntityExceptionHandler handleHttpRequestMethodNotSupported() @208 - Request method 'POST' not supported
2019.09.26 at 10:50:11 CST ERROR zhaoyy.integration.exception.GlobalExceptionHandle handleExceptionInternal() @62 - 未 catch 错误.请求状态码405, body:null
2019.09.26 at 10:51:37 CST INFO  org.springframework.boot.StartupInfoLogger logStarting() @50 - Starting IntegrationApplication on zhaoyuyang1190 with PID 6740 (D:\workplace\integration\target\classes started by Administrator in D:\workplace\integration)
2019.09.26 at 10:51:37 CST INFO  org.springframework.boot.SpringApplication logStartupProfileInfo() @648 - No active profile set, falling back to default profiles: default
2019.09.26 at 10:51:39 CST INFO  org.springframework.boot.web.embedded.tomcat.TomcatWebServer initialize() @90 - Tomcat initialized with port(s): 8888 (http)
2019.09.26 at 10:51:39 CST INFO  org.apache.juli.logging.DirectJDKLog log() @173 - Initializing ProtocolHandler ["http-nio-8888"]
2019.09.26 at 10:51:39 CST INFO  org.apache.juli.logging.DirectJDKLog log() @173 - Starting service [Tomcat]
2019.09.26 at 10:51:39 CST INFO  org.apache.juli.logging.DirectJDKLog log() @173 - Starting Servlet engine: [Apache Tomcat/9.0.24]
2019.09.26 at 10:51:39 CST INFO  org.apache.juli.logging.DirectJDKLog log() @173 - Initializing Spring embedded WebApplicationContext
2019.09.26 at 10:51:39 CST INFO  org.springframework.boot.web.servlet.context.ServletWebServerApplicationContext prepareWebApplicationContext() @284 - Root WebApplicationContext: initialization completed in 1416 ms
2019.09.26 at 10:51:39 CST INFO  com.alibaba.druid.spring.boot.autoconfigure.DruidDataSourceAutoConfigure dataSource() @56 - Init DruidDataSource
2019.09.26 at 10:51:39 CST ERROR com.alibaba.druid.pool.DruidDataSource validationQueryCheck() @1070 - testWhileIdle is true, validationQuery not set
2019.09.26 at 10:51:39 CST INFO  com.alibaba.druid.pool.DruidDataSource init() @930 - {dataSource-1} inited
2019.09.26 at 10:51:40 CST INFO  org.springframework.scheduling.concurrent.ExecutorConfigurationSupport initialize() @171 - Initializing ExecutorService 'applicationTaskExecutor'
2019.09.26 at 10:51:40 CST INFO  org.springframework.amqp.rabbit.connection.AbstractConnectionFactory createBareConnection() @482 - Attempting to connect to: [127.0.0.1:5672]
2019.09.26 at 10:51:40 CST INFO  org.springframework.amqp.rabbit.connection.AbstractConnectionFactory createBareConnection() @517 - Created new connection: rabbitConnectionFactory#1068176:0/SimpleConnection@756c67cd [delegate=amqp://admin@127.0.0.1:5672/, localPort= 59872]
2019.09.26 at 10:51:40 CST INFO  org.apache.juli.logging.DirectJDKLog log() @173 - Starting ProtocolHandler ["http-nio-8888"]
2019.09.26 at 10:51:40 CST INFO  org.springframework.boot.web.embedded.tomcat.TomcatWebServer start() @202 - Tomcat started on port(s): 8888 (http) with context path ''
2019.09.26 at 10:51:40 CST INFO  org.springframework.boot.StartupInfoLogger logStarted() @59 - Started IntegrationApplication in 3.371 seconds (JVM running for 5.259)
2019.09.26 at 10:52:21 CST INFO  org.springframework.boot.StartupInfoLogger logStarting() @50 - Starting IntegrationApplication on zhaoyuyang1190 with PID 6380 (D:\workplace\integration\target\classes started by Administrator in D:\workplace\integration)
2019.09.26 at 10:52:21 CST INFO  org.springframework.boot.SpringApplication logStartupProfileInfo() @648 - No active profile set, falling back to default profiles: default
2019.09.26 at 10:52:22 CST INFO  org.springframework.boot.web.embedded.tomcat.TomcatWebServer initialize() @90 - Tomcat initialized with port(s): 8888 (http)
2019.09.26 at 10:52:22 CST INFO  org.apache.juli.logging.DirectJDKLog log() @173 - Initializing ProtocolHandler ["http-nio-8888"]
2019.09.26 at 10:52:22 CST INFO  org.apache.juli.logging.DirectJDKLog log() @173 - Starting service [Tomcat]
2019.09.26 at 10:52:22 CST INFO  org.apache.juli.logging.DirectJDKLog log() @173 - Starting Servlet engine: [Apache Tomcat/9.0.24]
2019.09.26 at 10:52:22 CST INFO  org.apache.juli.logging.DirectJDKLog log() @173 - Initializing Spring embedded WebApplicationContext
2019.09.26 at 10:52:22 CST INFO  org.springframework.boot.web.servlet.context.ServletWebServerApplicationContext prepareWebApplicationContext() @284 - Root WebApplicationContext: initialization completed in 1438 ms
2019.09.26 at 10:52:22 CST INFO  com.alibaba.druid.spring.boot.autoconfigure.DruidDataSourceAutoConfigure dataSource() @56 - Init DruidDataSource
2019.09.26 at 10:52:22 CST ERROR com.alibaba.druid.pool.DruidDataSource validationQueryCheck() @1070 - testWhileIdle is true, validationQuery not set
2019.09.26 at 10:52:22 CST INFO  com.alibaba.druid.pool.DruidDataSource init() @930 - {dataSource-1} inited
2019.09.26 at 10:52:23 CST INFO  org.springframework.scheduling.concurrent.ExecutorConfigurationSupport initialize() @171 - Initializing ExecutorService 'applicationTaskExecutor'
2019.09.26 at 10:52:23 CST INFO  org.springframework.amqp.rabbit.connection.AbstractConnectionFactory createBareConnection() @482 - Attempting to connect to: [127.0.0.1:5672]
2019.09.26 at 10:52:24 CST INFO  org.springframework.amqp.rabbit.connection.AbstractConnectionFactory createBareConnection() @517 - Created new connection: rabbitConnectionFactory#5aea8994:0/SimpleConnection@1201e064 [delegate=amqp://admin@127.0.0.1:5672/, localPort= 59938]
2019.09.26 at 10:52:24 CST INFO  org.apache.juli.logging.DirectJDKLog log() @173 - Starting ProtocolHandler ["http-nio-8888"]
2019.09.26 at 10:52:24 CST INFO  org.springframework.boot.web.embedded.tomcat.TomcatWebServer start() @202 - Tomcat started on port(s): 8888 (http) with context path ''
2019.09.26 at 10:52:24 CST INFO  org.springframework.boot.StartupInfoLogger logStarted() @59 - Started IntegrationApplication in 3.517 seconds (JVM running for 5.166)
2019.09.26 at 10:53:00 CST INFO  org.springframework.boot.StartupInfoLogger logStarting() @50 - Starting IntegrationApplication on zhaoyuyang1190 with PID 6216 (D:\workplace\integration\target\classes started by Administrator in D:\workplace\integration)
2019.09.26 at 10:53:00 CST INFO  org.springframework.boot.SpringApplication logStartupProfileInfo() @648 - No active profile set, falling back to default profiles: default
2019.09.26 at 10:53:01 CST INFO  org.springframework.boot.web.embedded.tomcat.TomcatWebServer initialize() @90 - Tomcat initialized with port(s): 8888 (http)
2019.09.26 at 10:53:01 CST INFO  org.apache.juli.logging.DirectJDKLog log() @173 - Initializing ProtocolHandler ["http-nio-8888"]
2019.09.26 at 10:53:01 CST INFO  org.apache.juli.logging.DirectJDKLog log() @173 - Starting service [Tomcat]
2019.09.26 at 10:53:01 CST INFO  org.apache.juli.logging.DirectJDKLog log() @173 - Starting Servlet engine: [Apache Tomcat/9.0.24]
2019.09.26 at 10:53:01 CST INFO  org.apache.juli.logging.DirectJDKLog log() @173 - Initializing Spring embedded WebApplicationContext
2019.09.26 at 10:53:01 CST INFO  org.springframework.boot.web.servlet.context.ServletWebServerApplicationContext prepareWebApplicationContext() @284 - Root WebApplicationContext: initialization completed in 1596 ms
2019.09.26 at 10:53:01 CST INFO  com.alibaba.druid.spring.boot.autoconfigure.DruidDataSourceAutoConfigure dataSource() @56 - Init DruidDataSource
2019.09.26 at 10:53:02 CST ERROR com.alibaba.druid.pool.DruidDataSource validationQueryCheck() @1070 - testWhileIdle is true, validationQuery not set
2019.09.26 at 10:53:02 CST INFO  com.alibaba.druid.pool.DruidDataSource init() @930 - {dataSource-1} inited
2019.09.26 at 10:53:02 CST INFO  org.springframework.scheduling.concurrent.ExecutorConfigurationSupport initialize() @171 - Initializing ExecutorService 'applicationTaskExecutor'
2019.09.26 at 10:53:03 CST INFO  org.springframework.amqp.rabbit.connection.AbstractConnectionFactory createBareConnection() @482 - Attempting to connect to: [127.0.0.1:5672]
2019.09.26 at 10:53:03 CST INFO  org.springframework.amqp.rabbit.connection.AbstractConnectionFactory createBareConnection() @517 - Created new connection: rabbitConnectionFactory#1a2773a8:0/SimpleConnection@6fced25c [delegate=amqp://admin@127.0.0.1:5672/, localPort= 60015]
2019.09.26 at 10:53:03 CST INFO  org.apache.juli.logging.DirectJDKLog log() @173 - Starting ProtocolHandler ["http-nio-8888"]
2019.09.26 at 10:53:03 CST INFO  org.springframework.boot.web.embedded.tomcat.TomcatWebServer start() @202 - Tomcat started on port(s): 8888 (http) with context path ''
2019.09.26 at 10:53:03 CST INFO  org.springframework.boot.StartupInfoLogger logStarted() @59 - Started IntegrationApplication in 3.843 seconds (JVM running for 5.651)
2019.09.26 at 10:55:45 CST ERROR org.springframework.boot.SpringApplication reportFailure() @823 - Application run failed
java.lang.IllegalStateException: Cannot bind to SpringApplication
	at org.springframework.boot.SpringApplication.bindToSpringApplication(SpringApplication.java:540) [spring-boot-2.1.8.RELEASE.jar:2.1.8.RELEASE]
	at org.springframework.boot.SpringApplication.prepareEnvironment(SpringApplication.java:343) [spring-boot-2.1.8.RELEASE.jar:2.1.8.RELEASE]
	at org.springframework.boot.SpringApplication.run(SpringApplication.java:305) [spring-boot-2.1.8.RELEASE.jar:2.1.8.RELEASE]
	at org.springframework.boot.SpringApplication.run(SpringApplication.java:1215) [spring-boot-2.1.8.RELEASE.jar:2.1.8.RELEASE]
	at org.springframework.boot.SpringApplication.run(SpringApplication.java:1204) [spring-boot-2.1.8.RELEASE.jar:2.1.8.RELEASE]
	at zhaoyy.integration.IntegrationApplication.main(IntegrationApplication.java:16) [classes/:?]
Caused by: org.springframework.boot.context.properties.bind.BindException: Failed to bind properties under 'spring.main.banner-mode' to org.springframework.boot.Banner$Mode
	at org.springframework.boot.context.properties.bind.Binder.handleBindError(Binder.java:242) ~[spring-boot-2.1.8.RELEASE.jar:2.1.8.RELEASE]
	at org.springframework.boot.context.properties.bind.Binder.bind(Binder.java:218) ~[spring-boot-2.1.8.RELEASE.jar:2.1.8.RELEASE]
	at org.springframework.boot.context.properties.bind.Binder.lambda$bindBean$3(Binder.java:322) ~[spring-boot-2.1.8.RELEASE.jar:2.1.8.RELEASE]
	at org.springframework.boot.context.properties.bind.JavaBeanBinder.bind(JavaBeanBinder.java:80) ~[spring-boot-2.1.8.RELEASE.jar:2.1.8.RELEASE]
	at org.springframework.boot.context.properties.bind.JavaBeanBinder.bind(JavaBeanBinder.java:70) ~[spring-boot-2.1.8.RELEASE.jar:2.1.8.RELEASE]
	at org.springframework.boot.context.properties.bind.JavaBeanBinder.bind(JavaBeanBinder.java:54) ~[spring-boot-2.1.8.RELEASE.jar:2.1.8.RELEASE]
	at org.springframework.boot.context.properties.bind.Binder.lambda$null$4(Binder.java:329) ~[spring-boot-2.1.8.RELEASE.jar:2.1.8.RELEASE]
	at java.util.stream.ReferencePipeline$3$1.accept(ReferencePipeline.java:195) ~[?:?]
	at java.util.ArrayList$ArrayListSpliterator.tryAdvance(ArrayList.java:1631) ~[?:?]
	at java.util.stream.ReferencePipeline.forEachWithCancel(ReferencePipeline.java:127) ~[?:?]
	at java.util.stream.AbstractPipeline.copyIntoWithCancel(AbstractPipeline.java:502) ~[?:?]
	at java.util.stream.AbstractPipeline.copyInto(AbstractPipeline.java:488) ~[?:?]
	at java.util.stream.AbstractPipeline.wrapAndCopyInto(AbstractPipeline.java:474) ~[?:?]
	at java.util.stream.FindOps$FindOp.evaluateSequential(FindOps.java:150) ~[?:?]
	at java.util.stream.AbstractPipeline.evaluate(AbstractPipeline.java:234) ~[?:?]
	at java.util.stream.ReferencePipeline.findFirst(ReferencePipeline.java:543) ~[?:?]
	at org.springframework.boot.context.properties.bind.Binder.lambda$bindBean$5(Binder.java:330) ~[spring-boot-2.1.8.RELEASE.jar:2.1.8.RELEASE]
	at org.springframework.boot.context.properties.bind.Binder$Context.withIncreasedDepth(Binder.java:429) ~[spring-boot-2.1.8.RELEASE.jar:2.1.8.RELEASE]
	at org.springframework.boot.context.properties.bind.Binder$Context.withBean(Binder.java:415) ~[spring-boot-2.1.8.RELEASE.jar:2.1.8.RELEASE]
	at org.springframework.boot.context.properties.bind.Binder$Context.access$400(Binder.java:372) ~[spring-boot-2.1.8.RELEASE.jar:2.1.8.RELEASE]
	at org.springframework.boot.context.properties.bind.Binder.bindBean(Binder.java:328) ~[spring-boot-2.1.8.RELEASE.jar:2.1.8.RELEASE]
	at org.springframework.boot.context.properties.bind.Binder.bindObject(Binder.java:269) ~[spring-boot-2.1.8.RELEASE.jar:2.1.8.RELEASE]
	at org.springframework.boot.context.properties.bind.Binder.bind(Binder.java:214) ~[spring-boot-2.1.8.RELEASE.jar:2.1.8.RELEASE]
	at org.springframework.boot.context.properties.bind.Binder.bind(Binder.java:202) ~[spring-boot-2.1.8.RELEASE.jar:2.1.8.RELEASE]
	at org.springframework.boot.context.properties.bind.Binder.bind(Binder.java:159) ~[spring-boot-2.1.8.RELEASE.jar:2.1.8.RELEASE]
	at org.springframework.boot.SpringApplication.bindToSpringApplication(SpringApplication.java:537) ~[spring-boot-2.1.8.RELEASE.jar:2.1.8.RELEASE]
	... 5 more
Caused by: org.springframework.core.convert.ConverterNotFoundException: No converter found capable of converting from type [java.lang.Boolean] to type [org.springframework.boot.Banner$Mode]
	at org.springframework.core.convert.support.GenericConversionService.handleConverterNotFound(GenericConversionService.java:321) ~[spring-core-5.1.9.RELEASE.jar:5.1.9.RELEASE]
	at org.springframework.core.convert.support.GenericConversionService.convert(GenericConversionService.java:194) ~[spring-core-5.1.9.RELEASE.jar:5.1.9.RELEASE]
	at org.springframework.boot.context.properties.bind.BindConverter$CompositeConversionService.convert(BindConverter.java:170) ~[spring-boot-2.1.8.RELEASE.jar:2.1.8.RELEASE]
	at org.springframework.boot.context.properties.bind.BindConverter.convert(BindConverter.java:96) ~[spring-boot-2.1.8.RELEASE.jar:2.1.8.RELEASE]
	at org.springframework.boot.context.properties.bind.BindConverter.convert(BindConverter.java:88) ~[spring-boot-2.1.8.RELEASE.jar:2.1.8.RELEASE]
	at org.springframework.boot.context.properties.bind.Binder.bindProperty(Binder.java:313) ~[spring-boot-2.1.8.RELEASE.jar:2.1.8.RELEASE]
	at org.springframework.boot.context.properties.bind.Binder.bindObject(Binder.java:258) ~[spring-boot-2.1.8.RELEASE.jar:2.1.8.RELEASE]
	at org.springframework.boot.context.properties.bind.Binder.bind(Binder.java:214) ~[spring-boot-2.1.8.RELEASE.jar:2.1.8.RELEASE]
	at org.springframework.boot.context.properties.bind.Binder.lambda$bindBean$3(Binder.java:322) ~[spring-boot-2.1.8.RELEASE.jar:2.1.8.RELEASE]
	at org.springframework.boot.context.properties.bind.JavaBeanBinder.bind(JavaBeanBinder.java:80) ~[spring-boot-2.1.8.RELEASE.jar:2.1.8.RELEASE]
	at org.springframework.boot.context.properties.bind.JavaBeanBinder.bind(JavaBeanBinder.java:70) ~[spring-boot-2.1.8.RELEASE.jar:2.1.8.RELEASE]
	at org.springframework.boot.context.properties.bind.JavaBeanBinder.bind(JavaBeanBinder.java:54) ~[spring-boot-2.1.8.RELEASE.jar:2.1.8.RELEASE]
	at org.springframework.boot.context.properties.bind.Binder.lambda$null$4(Binder.java:329) ~[spring-boot-2.1.8.RELEASE.jar:2.1.8.RELEASE]
	at java.util.stream.ReferencePipeline$3$1.accept(ReferencePipeline.java:195) ~[?:?]
	at java.util.ArrayList$ArrayListSpliterator.tryAdvance(ArrayList.java:1631) ~[?:?]
	at java.util.stream.ReferencePipeline.forEachWithCancel(ReferencePipeline.java:127) ~[?:?]
	at java.util.stream.AbstractPipeline.copyIntoWithCancel(AbstractPipeline.java:502) ~[?:?]
	at java.util.stream.AbstractPipeline.copyInto(AbstractPipeline.java:488) ~[?:?]
	at java.util.stream.AbstractPipeline.wrapAndCopyInto(AbstractPipeline.java:474) ~[?:?]
	at java.util.stream.FindOps$FindOp.evaluateSequential(FindOps.java:150) ~[?:?]
	at java.util.stream.AbstractPipeline.evaluate(AbstractPipeline.java:234) ~[?:?]
	at java.util.stream.ReferencePipeline.findFirst(ReferencePipeline.java:543) ~[?:?]
	at org.springframework.boot.context.properties.bind.Binder.lambda$bindBean$5(Binder.java:330) ~[spring-boot-2.1.8.RELEASE.jar:2.1.8.RELEASE]
	at org.springframework.boot.context.properties.bind.Binder$Context.withIncreasedDepth(Binder.java:429) ~[spring-boot-2.1.8.RELEASE.jar:2.1.8.RELEASE]
	at org.springframework.boot.context.properties.bind.Binder$Context.withBean(Binder.java:415) ~[spring-boot-2.1.8.RELEASE.jar:2.1.8.RELEASE]
	at org.springframework.boot.context.properties.bind.Binder$Context.access$400(Binder.java:372) ~[spring-boot-2.1.8.RELEASE.jar:2.1.8.RELEASE]
	at org.springframework.boot.context.properties.bind.Binder.bindBean(Binder.java:328) ~[spring-boot-2.1.8.RELEASE.jar:2.1.8.RELEASE]
	at org.springframework.boot.context.properties.bind.Binder.bindObject(Binder.java:269) ~[spring-boot-2.1.8.RELEASE.jar:2.1.8.RELEASE]
	at org.springframework.boot.context.properties.bind.Binder.bind(Binder.java:214) ~[spring-boot-2.1.8.RELEASE.jar:2.1.8.RELEASE]
	at org.springframework.boot.context.properties.bind.Binder.bind(Binder.java:202) ~[spring-boot-2.1.8.RELEASE.jar:2.1.8.RELEASE]
	at org.springframework.boot.context.properties.bind.Binder.bind(Binder.java:159) ~[spring-boot-2.1.8.RELEASE.jar:2.1.8.RELEASE]
	at org.springframework.boot.SpringApplication.bindToSpringApplication(SpringApplication.java:537) ~[spring-boot-2.1.8.RELEASE.jar:2.1.8.RELEASE]
	... 5 more
2019.09.26 at 10:56:21 CST ERROR org.springframework.boot.SpringApplication reportFailure() @823 - Application run failed
java.lang.IllegalStateException: Cannot bind to SpringApplication
	at org.springframework.boot.SpringApplication.bindToSpringApplication(SpringApplication.java:540) [spring-boot-2.1.8.RELEASE.jar:2.1.8.RELEASE]
	at org.springframework.boot.SpringApplication.prepareEnvironment(SpringApplication.java:343) [spring-boot-2.1.8.RELEASE.jar:2.1.8.RELEASE]
	at org.springframework.boot.SpringApplication.run(SpringApplication.java:305) [spring-boot-2.1.8.RELEASE.jar:2.1.8.RELEASE]
	at org.springframework.boot.SpringApplication.run(SpringApplication.java:1215) [spring-boot-2.1.8.RELEASE.jar:2.1.8.RELEASE]
	at org.springframework.boot.SpringApplication.run(SpringApplication.java:1204) [spring-boot-2.1.8.RELEASE.jar:2.1.8.RELEASE]
	at zhaoyy.integration.IntegrationApplication.main(IntegrationApplication.java:16) [classes/:?]
Caused by: org.springframework.boot.context.properties.bind.BindException: Failed to bind properties under 'spring.main.banner-mode' to org.springframework.boot.Banner$Mode
	at org.springframework.boot.context.properties.bind.Binder.handleBindError(Binder.java:242) ~[spring-boot-2.1.8.RELEASE.jar:2.1.8.RELEASE]
	at org.springframework.boot.context.properties.bind.Binder.bind(Binder.java:218) ~[spring-boot-2.1.8.RELEASE.jar:2.1.8.RELEASE]
	at org.springframework.boot.context.properties.bind.Binder.lambda$bindBean$3(Binder.java:322) ~[spring-boot-2.1.8.RELEASE.jar:2.1.8.RELEASE]
	at org.springframework.boot.context.properties.bind.JavaBeanBinder.bind(JavaBeanBinder.java:80) ~[spring-boot-2.1.8.RELEASE.jar:2.1.8.RELEASE]
	at org.springframework.boot.context.properties.bind.JavaBeanBinder.bind(JavaBeanBinder.java:70) ~[spring-boot-2.1.8.RELEASE.jar:2.1.8.RELEASE]
	at org.springframework.boot.context.properties.bind.JavaBeanBinder.bind(JavaBeanBinder.java:54) ~[spring-boot-2.1.8.RELEASE.jar:2.1.8.RELEASE]
	at org.springframework.boot.context.properties.bind.Binder.lambda$null$4(Binder.java:329) ~[spring-boot-2.1.8.RELEASE.jar:2.1.8.RELEASE]
	at java.util.stream.ReferencePipeline$3$1.accept(ReferencePipeline.java:195) ~[?:?]
	at java.util.ArrayList$ArrayListSpliterator.tryAdvance(ArrayList.java:1631) ~[?:?]
	at java.util.stream.ReferencePipeline.forEachWithCancel(ReferencePipeline.java:127) ~[?:?]
	at java.util.stream.AbstractPipeline.copyIntoWithCancel(AbstractPipeline.java:502) ~[?:?]
	at java.util.stream.AbstractPipeline.copyInto(AbstractPipeline.java:488) ~[?:?]
	at java.util.stream.AbstractPipeline.wrapAndCopyInto(AbstractPipeline.java:474) ~[?:?]
	at java.util.stream.FindOps$FindOp.evaluateSequential(FindOps.java:150) ~[?:?]
	at java.util.stream.AbstractPipeline.evaluate(AbstractPipeline.java:234) ~[?:?]
	at java.util.stream.ReferencePipeline.findFirst(ReferencePipeline.java:543) ~[?:?]
	at org.springframework.boot.context.properties.bind.Binder.lambda$bindBean$5(Binder.java:330) ~[spring-boot-2.1.8.RELEASE.jar:2.1.8.RELEASE]
	at org.springframework.boot.context.properties.bind.Binder$Context.withIncreasedDepth(Binder.java:429) ~[spring-boot-2.1.8.RELEASE.jar:2.1.8.RELEASE]
	at org.springframework.boot.context.properties.bind.Binder$Context.withBean(Binder.java:415) ~[spring-boot-2.1.8.RELEASE.jar:2.1.8.RELEASE]
	at org.springframework.boot.context.properties.bind.Binder$Context.access$400(Binder.java:372) ~[spring-boot-2.1.8.RELEASE.jar:2.1.8.RELEASE]
	at org.springframework.boot.context.properties.bind.Binder.bindBean(Binder.java:328) ~[spring-boot-2.1.8.RELEASE.jar:2.1.8.RELEASE]
	at org.springframework.boot.context.properties.bind.Binder.bindObject(Binder.java:269) ~[spring-boot-2.1.8.RELEASE.jar:2.1.8.RELEASE]
	at org.springframework.boot.context.properties.bind.Binder.bind(Binder.java:214) ~[spring-boot-2.1.8.RELEASE.jar:2.1.8.RELEASE]
	at org.springframework.boot.context.properties.bind.Binder.bind(Binder.java:202) ~[spring-boot-2.1.8.RELEASE.jar:2.1.8.RELEASE]
	at org.springframework.boot.context.properties.bind.Binder.bind(Binder.java:159) ~[spring-boot-2.1.8.RELEASE.jar:2.1.8.RELEASE]
	at org.springframework.boot.SpringApplication.bindToSpringApplication(SpringApplication.java:537) ~[spring-boot-2.1.8.RELEASE.jar:2.1.8.RELEASE]
	... 5 more
Caused by: org.springframework.core.convert.ConverterNotFoundException: No converter found capable of converting from type [java.lang.Boolean] to type [org.springframework.boot.Banner$Mode]
	at org.springframework.core.convert.support.GenericConversionService.handleConverterNotFound(GenericConversionService.java:321) ~[spring-core-5.1.9.RELEASE.jar:5.1.9.RELEASE]
	at org.springframework.core.convert.support.GenericConversionService.convert(GenericConversionService.java:194) ~[spring-core-5.1.9.RELEASE.jar:5.1.9.RELEASE]
	at org.springframework.boot.context.properties.bind.BindConverter$CompositeConversionService.convert(BindConverter.java:170) ~[spring-boot-2.1.8.RELEASE.jar:2.1.8.RELEASE]
	at org.springframework.boot.context.properties.bind.BindConverter.convert(BindConverter.java:96) ~[spring-boot-2.1.8.RELEASE.jar:2.1.8.RELEASE]
	at org.springframework.boot.context.properties.bind.BindConverter.convert(BindConverter.java:88) ~[spring-boot-2.1.8.RELEASE.jar:2.1.8.RELEASE]
	at org.springframework.boot.context.properties.bind.Binder.bindProperty(Binder.java:313) ~[spring-boot-2.1.8.RELEASE.jar:2.1.8.RELEASE]
	at org.springframework.boot.context.properties.bind.Binder.bindObject(Binder.java:258) ~[spring-boot-2.1.8.RELEASE.jar:2.1.8.RELEASE]
	at org.springframework.boot.context.properties.bind.Binder.bind(Binder.java:214) ~[spring-boot-2.1.8.RELEASE.jar:2.1.8.RELEASE]
	at org.springframework.boot.context.properties.bind.Binder.lambda$bindBean$3(Binder.java:322) ~[spring-boot-2.1.8.RELEASE.jar:2.1.8.RELEASE]
	at org.springframework.boot.context.properties.bind.JavaBeanBinder.bind(JavaBeanBinder.java:80) ~[spring-boot-2.1.8.RELEASE.jar:2.1.8.RELEASE]
	at org.springframework.boot.context.properties.bind.JavaBeanBinder.bind(JavaBeanBinder.java:70) ~[spring-boot-2.1.8.RELEASE.jar:2.1.8.RELEASE]
	at org.springframework.boot.context.properties.bind.JavaBeanBinder.bind(JavaBeanBinder.java:54) ~[spring-boot-2.1.8.RELEASE.jar:2.1.8.RELEASE]
	at org.springframework.boot.context.properties.bind.Binder.lambda$null$4(Binder.java:329) ~[spring-boot-2.1.8.RELEASE.jar:2.1.8.RELEASE]
	at java.util.stream.ReferencePipeline$3$1.accept(ReferencePipeline.java:195) ~[?:?]
	at java.util.ArrayList$ArrayListSpliterator.tryAdvance(ArrayList.java:1631) ~[?:?]
	at java.util.stream.ReferencePipeline.forEachWithCancel(ReferencePipeline.java:127) ~[?:?]
	at java.util.stream.AbstractPipeline.copyIntoWithCancel(AbstractPipeline.java:502) ~[?:?]
	at java.util.stream.AbstractPipeline.copyInto(AbstractPipeline.java:488) ~[?:?]
	at java.util.stream.AbstractPipeline.wrapAndCopyInto(AbstractPipeline.java:474) ~[?:?]
	at java.util.stream.FindOps$FindOp.evaluateSequential(FindOps.java:150) ~[?:?]
	at java.util.stream.AbstractPipeline.evaluate(AbstractPipeline.java:234) ~[?:?]
	at java.util.stream.ReferencePipeline.findFirst(ReferencePipeline.java:543) ~[?:?]
	at org.springframework.boot.context.properties.bind.Binder.lambda$bindBean$5(Binder.java:330) ~[spring-boot-2.1.8.RELEASE.jar:2.1.8.RELEASE]
	at org.springframework.boot.context.properties.bind.Binder$Context.withIncreasedDepth(Binder.java:429) ~[spring-boot-2.1.8.RELEASE.jar:2.1.8.RELEASE]
	at org.springframework.boot.context.properties.bind.Binder$Context.withBean(Binder.java:415) ~[spring-boot-2.1.8.RELEASE.jar:2.1.8.RELEASE]
	at org.springframework.boot.context.properties.bind.Binder$Context.access$400(Binder.java:372) ~[spring-boot-2.1.8.RELEASE.jar:2.1.8.RELEASE]
	at org.springframework.boot.context.properties.bind.Binder.bindBean(Binder.java:328) ~[spring-boot-2.1.8.RELEASE.jar:2.1.8.RELEASE]
	at org.springframework.boot.context.properties.bind.Binder.bindObject(Binder.java:269) ~[spring-boot-2.1.8.RELEASE.jar:2.1.8.RELEASE]
	at org.springframework.boot.context.properties.bind.Binder.bind(Binder.java:214) ~[spring-boot-2.1.8.RELEASE.jar:2.1.8.RELEASE]
	at org.springframework.boot.context.properties.bind.Binder.bind(Binder.java:202) ~[spring-boot-2.1.8.RELEASE.jar:2.1.8.RELEASE]
	at org.springframework.boot.context.properties.bind.Binder.bind(Binder.java:159) ~[spring-boot-2.1.8.RELEASE.jar:2.1.8.RELEASE]
	at org.springframework.boot.SpringApplication.bindToSpringApplication(SpringApplication.java:537) ~[spring-boot-2.1.8.RELEASE.jar:2.1.8.RELEASE]
	... 5 more
2019.09.26 at 10:57:58 CST INFO  org.springframework.boot.StartupInfoLogger logStarting() @50 - Starting IntegrationApplication on zhaoyuyang1190 with PID 4228 (D:\workplace\integration\target\classes started by Administrator in D:\workplace\integration)
2019.09.26 at 10:57:58 CST INFO  org.springframework.boot.SpringApplication logStartupProfileInfo() @648 - No active profile set, falling back to default profiles: default
2019.09.26 at 10:58:00 CST INFO  org.springframework.boot.web.embedded.tomcat.TomcatWebServer initialize() @90 - Tomcat initialized with port(s): 8888 (http)
2019.09.26 at 10:58:00 CST INFO  org.apache.juli.logging.DirectJDKLog log() @173 - Initializing ProtocolHandler ["http-nio-8888"]
2019.09.26 at 10:58:00 CST INFO  org.apache.juli.logging.DirectJDKLog log() @173 - Starting service [Tomcat]
2019.09.26 at 10:58:00 CST INFO  org.apache.juli.logging.DirectJDKLog log() @173 - Starting Servlet engine: [Apache Tomcat/9.0.24]
2019.09.26 at 10:58:00 CST INFO  org.apache.juli.logging.DirectJDKLog log() @173 - Initializing Spring embedded WebApplicationContext
2019.09.26 at 10:58:00 CST INFO  org.springframework.boot.web.servlet.context.ServletWebServerApplicationContext prepareWebApplicationContext() @284 - Root WebApplicationContext: initialization completed in 1679 ms
2019.09.26 at 10:58:00 CST INFO  com.alibaba.druid.spring.boot.autoconfigure.DruidDataSourceAutoConfigure dataSource() @56 - Init DruidDataSource
2019.09.26 at 10:58:00 CST ERROR com.alibaba.druid.pool.DruidDataSource validationQueryCheck() @1070 - testWhileIdle is true, validationQuery not set
2019.09.26 at 10:58:00 CST INFO  com.alibaba.druid.pool.DruidDataSource init() @930 - {dataSource-1} inited
2019.09.26 at 10:58:01 CST INFO  org.springframework.scheduling.concurrent.ExecutorConfigurationSupport initialize() @171 - Initializing ExecutorService 'applicationTaskExecutor'
2019.09.26 at 10:58:01 CST INFO  org.springframework.amqp.rabbit.connection.AbstractConnectionFactory createBareConnection() @482 - Attempting to connect to: [127.0.0.1:5672]
2019.09.26 at 10:58:01 CST INFO  org.springframework.amqp.rabbit.connection.AbstractConnectionFactory createBareConnection() @517 - Created new connection: rabbitConnectionFactory#6f96dd64:0/SimpleConnection@31b741e2 [delegate=amqp://admin@127.0.0.1:5672/, localPort= 60648]
2019.09.26 at 10:58:02 CST INFO  org.apache.juli.logging.DirectJDKLog log() @173 - Starting ProtocolHandler ["http-nio-8888"]
2019.09.26 at 10:58:02 CST INFO  org.springframework.boot.web.embedded.tomcat.TomcatWebServer start() @202 - Tomcat started on port(s): 8888 (http) with context path ''
2019.09.26 at 10:58:02 CST INFO  org.springframework.boot.StartupInfoLogger logStarted() @59 - Started IntegrationApplication in 3.948 seconds (JVM running for 5.609)
2019.09.26 at 11:01:21 CST INFO  org.springframework.boot.StartupInfoLogger logStarting() @50 - Starting IntegrationApplication on zhaoyuyang1190 with PID 6432 (D:\workplace\integration\target\classes started by Administrator in D:\workplace\integration)
2019.09.26 at 11:01:21 CST INFO  org.springframework.boot.SpringApplication logStartupProfileInfo() @648 - No active profile set, falling back to default profiles: default
2019.09.26 at 11:01:23 CST INFO  org.springframework.boot.web.embedded.tomcat.TomcatWebServer initialize() @90 - Tomcat initialized with port(s): 8888 (http)
2019.09.26 at 11:01:23 CST INFO  org.apache.juli.logging.DirectJDKLog log() @173 - Initializing ProtocolHandler ["http-nio-8888"]
2019.09.26 at 11:01:23 CST INFO  org.apache.juli.logging.DirectJDKLog log() @173 - Starting service [Tomcat]
2019.09.26 at 11:01:23 CST INFO  org.apache.juli.logging.DirectJDKLog log() @173 - Starting Servlet engine: [Apache Tomcat/9.0.24]
2019.09.26 at 11:01:23 CST INFO  org.apache.juli.logging.DirectJDKLog log() @173 - Initializing Spring embedded WebApplicationContext
2019.09.26 at 11:01:23 CST INFO  org.springframework.boot.web.servlet.context.ServletWebServerApplicationContext prepareWebApplicationContext() @284 - Root WebApplicationContext: initialization completed in 1430 ms
2019.09.26 at 11:01:23 CST INFO  com.alibaba.druid.spring.boot.autoconfigure.DruidDataSourceAutoConfigure dataSource() @56 - Init DruidDataSource
2019.09.26 at 11:01:23 CST INFO  com.alibaba.druid.pool.DruidDataSource init() @930 - {dataSource-1} inited
2019.09.26 at 11:01:24 CST INFO  org.springframework.scheduling.concurrent.ExecutorConfigurationSupport initialize() @171 - Initializing ExecutorService 'applicationTaskExecutor'
2019.09.26 at 11:01:24 CST INFO  org.springframework.amqp.rabbit.connection.AbstractConnectionFactory createBareConnection() @482 - Attempting to connect to: [127.0.0.1:5672]
2019.09.26 at 11:01:24 CST INFO  org.springframework.amqp.rabbit.connection.AbstractConnectionFactory createBareConnection() @517 - Created new connection: rabbitConnectionFactory#9e30f9a:0/SimpleConnection@135e49b2 [delegate=amqp://admin@127.0.0.1:5672/, localPort= 61112]
2019.09.26 at 11:01:24 CST INFO  org.apache.juli.logging.DirectJDKLog log() @173 - Starting ProtocolHandler ["http-nio-8888"]
2019.09.26 at 11:01:24 CST INFO  org.springframework.boot.web.embedded.tomcat.TomcatWebServer start() @202 - Tomcat started on port(s): 8888 (http) with context path ''
2019.09.26 at 11:01:24 CST INFO  org.springframework.boot.StartupInfoLogger logStarted() @59 - Started IntegrationApplication in 3.44 seconds (JVM running for 5.079)
2019.09.27 at 13:47:37 CST INFO  org.springframework.boot.StartupInfoLogger logStarting() @50 - Starting IntegrationApplication on zhaoyuyang1190 with PID 7460 (D:\workplace\integration\target\classes started by Administrator in D:\workplace\integration)
2019.09.27 at 13:47:37 CST INFO  org.springframework.boot.SpringApplication logStartupProfileInfo() @648 - No active profile set, falling back to default profiles: default
2019.09.27 at 13:47:40 CST INFO  org.springframework.boot.web.embedded.tomcat.TomcatWebServer initialize() @90 - Tomcat initialized with port(s): 8888 (http)
2019.09.27 at 13:47:40 CST INFO  org.apache.juli.logging.DirectJDKLog log() @173 - Initializing ProtocolHandler ["http-nio-8888"]
2019.09.27 at 13:47:40 CST INFO  org.apache.juli.logging.DirectJDKLog log() @173 - Starting service [Tomcat]
2019.09.27 at 13:47:40 CST INFO  org.apache.juli.logging.DirectJDKLog log() @173 - Starting Servlet engine: [Apache Tomcat/9.0.24]
2019.09.27 at 13:47:40 CST INFO  org.apache.juli.logging.DirectJDKLog log() @173 - Initializing Spring embedded WebApplicationContext
2019.09.27 at 13:47:40 CST INFO  org.springframework.boot.web.servlet.context.ServletWebServerApplicationContext prepareWebApplicationContext() @284 - Root WebApplicationContext: initialization completed in 2574 ms
2019.09.27 at 13:47:40 CST INFO  com.alibaba.druid.spring.boot.autoconfigure.DruidDataSourceAutoConfigure dataSource() @56 - Init DruidDataSource
2019.09.27 at 13:47:40 CST INFO  com.alibaba.druid.pool.DruidDataSource init() @930 - {dataSource-1} inited
2019.09.27 at 13:47:41 CST INFO  org.springframework.scheduling.concurrent.ExecutorConfigurationSupport initialize() @171 - Initializing ExecutorService 'applicationTaskExecutor'
2019.09.27 at 13:47:42 CST INFO  org.springframework.amqp.rabbit.connection.AbstractConnectionFactory createBareConnection() @482 - Attempting to connect to: [127.0.0.1:5672]
2019.09.27 at 13:47:42 CST INFO  org.springframework.amqp.rabbit.connection.AbstractConnectionFactory createBareConnection() @517 - Created new connection: rabbitConnectionFactory#70091872:0/SimpleConnection@7ce30c0b [delegate=amqp://admin@127.0.0.1:5672/, localPort= 49342]
2019.09.27 at 13:47:43 CST INFO  org.apache.juli.logging.DirectJDKLog log() @173 - Starting ProtocolHandler ["http-nio-8888"]
2019.09.27 at 13:47:43 CST INFO  org.springframework.boot.web.embedded.tomcat.TomcatWebServer start() @202 - Tomcat started on port(s): 8888 (http) with context path ''
2019.09.27 at 13:47:43 CST INFO  org.springframework.boot.StartupInfoLogger logStarted() @59 - Started IntegrationApplication in 6.604 seconds (JVM running for 10.164)
2019.09.27 at 13:48:27 CST INFO  org.apache.juli.logging.DirectJDKLog log() @173 - Initializing Spring DispatcherServlet 'dispatcherServlet'
2019.09.27 at 13:48:27 CST INFO  org.springframework.web.servlet.FrameworkServlet initServletBean() @524 - Initializing Servlet 'dispatcherServlet'
2019.09.27 at 13:48:27 CST INFO  org.springframework.web.servlet.FrameworkServlet initServletBean() @546 - Completed initialization in 87 ms
2019.09.27 at 13:48:28 CST WARN  org.springframework.web.servlet.mvc.method.annotation.ResponseEntityExceptionHandler handleHttpRequestMethodNotSupported() @208 - Request method 'POST' not supported
2019.09.27 at 13:48:28 CST ERROR zhaoyy.integration.exception.GlobalExceptionHandle handleExceptionInternal() @62 - 未 catch 错误.请求状态码405, body:null
2019.09.29 at 16:12:32 CST INFO  org.springframework.test.context.support.AbstractTestContextBootstrapper buildDefaultMergedContextConfiguration() @308 - Neither @ContextConfiguration nor @ContextHierarchy found for test class [zhaoyy.integration.IntegrationApplicationTests], using SpringBootContextLoader
2019.09.29 at 16:12:33 CST INFO  org.springframework.test.context.support.AbstractContextLoader generateDefaultLocations() @264 - Could not detect default resource locations for test class [zhaoyy.integration.IntegrationApplicationTests]: no resource found for suffixes {-context.xml, Context.groovy}.
2019.09.29 at 16:12:33 CST INFO  org.springframework.test.context.support.AnnotationConfigContextLoaderUtils detectDefaultConfigurationClasses() @83 - Could not detect default configuration classes for test class [zhaoyy.integration.IntegrationApplicationTests]: IntegrationApplicationTests does not declare any static, non-private, non-final, nested classes annotated with @Configuration.
2019.09.29 at 16:12:33 CST INFO  org.springframework.boot.test.context.SpringBootTestContextBootstrapper getOrFindConfigurationClasses() @235 - Found @SpringBootConfiguration zhaoyy.integration.IntegrationApplication for test class zhaoyy.integration.IntegrationApplicationTests
2019.09.29 at 16:12:33 CST INFO  org.springframework.test.context.support.AbstractTestContextBootstrapper getDefaultTestExecutionListenerClassNames() @248 - Loaded default TestExecutionListener class names from location [META-INF/spring.factories]: [org.springframework.boot.test.mock.mockito.MockitoTestExecutionListener, org.springframework.boot.test.mock.mockito.ResetMocksTestExecutionListener, org.springframework.boot.test.autoconfigure.restdocs.RestDocsTestExecutionListener, org.springframework.boot.test.autoconfigure.web.client.MockRestServiceServerResetTestExecutionListener, org.springframework.boot.test.autoconfigure.web.servlet.MockMvcPrintOnlyOnFailureTestExecutionListener, org.springframework.boot.test.autoconfigure.web.servlet.WebDriverTestExecutionListener, org.springframework.test.context.web.ServletTestExecutionListener, org.springframework.test.context.support.DirtiesContextBeforeModesTestExecutionListener, org.springframework.test.context.support.DependencyInjectionTestExecutionListener, org.springframework.test.context.support.DirtiesContextTestExecutionListener, org.springframework.test.context.transaction.TransactionalTestExecutionListener, org.springframework.test.context.jdbc.SqlScriptsTestExecutionListener]
2019.09.29 at 16:12:33 CST INFO  org.springframework.test.context.support.AbstractTestContextBootstrapper getTestExecutionListeners() @177 - Using TestExecutionListeners: [org.springframework.test.context.web.ServletTestExecutionListener@53bf7094, org.springframework.test.context.support.DirtiesContextBeforeModesTestExecutionListener@26f1249d, org.springframework.boot.test.mock.mockito.MockitoTestExecutionListener@710b30ef, org.springframework.boot.test.autoconfigure.SpringBootDependencyInjectionTestExecutionListener@a68df9, org.springframework.test.context.support.DirtiesContextTestExecutionListener@28b576a9, org.springframework.test.context.transaction.TransactionalTestExecutionListener@7cf7aee, org.springframework.test.context.jdbc.SqlScriptsTestExecutionListener@2f6bbeb0, org.springframework.boot.test.mock.mockito.ResetMocksTestExecutionListener@1b1637e1, org.springframework.boot.test.autoconfigure.restdocs.RestDocsTestExecutionListener@18151a14, org.springframework.boot.test.autoconfigure.web.client.MockRestServiceServerResetTestExecutionListener@64711bf2, org.springframework.boot.test.autoconfigure.web.servlet.MockMvcPrintOnlyOnFailureTestExecutionListener@169da7f2, org.springframework.boot.test.autoconfigure.web.servlet.WebDriverTestExecutionListener@3c1e23ff]
2019.09.29 at 16:12:35 CST INFO  org.springframework.boot.StartupInfoLogger logStarting() @50 - Starting IntegrationApplicationTests on zhaoyuyang1190 with PID 5572 (started by Administrator in D:\workplace\integration)
2019.09.29 at 16:12:35 CST INFO  org.springframework.boot.SpringApplication logStartupProfileInfo() @648 - No active profile set, falling back to default profiles: default
2019.09.29 at 16:12:39 CST INFO  com.alibaba.druid.spring.boot.autoconfigure.DruidDataSourceAutoConfigure dataSource() @56 - Init DruidDataSource
2019.09.29 at 16:12:40 CST INFO  com.alibaba.druid.pool.DruidDataSource init() @930 - {dataSource-1} inited
2019.09.29 at 16:12:44 CST INFO  org.springframework.scheduling.concurrent.ExecutorConfigurationSupport initialize() @171 - Initializing ExecutorService 'applicationTaskExecutor'
2019.09.29 at 16:12:45 CST INFO  org.springframework.amqp.rabbit.connection.AbstractConnectionFactory createBareConnection() @482 - Attempting to connect to: [127.0.0.1:5672]
2019.09.29 at 16:12:47 CST INFO  org.springframework.amqp.rabbit.connection.AbstractConnectionFactory createBareConnection() @517 - Created new connection: rabbitConnectionFactory#39449465:0/SimpleConnection@7c0e4e4e [delegate=amqp://admin@127.0.0.1:5672/, localPort= 53781]
2019.09.29 at 16:12:47 CST INFO  org.springframework.boot.StartupInfoLogger logStarted() @59 - Started IntegrationApplicationTests in 13.548 seconds (JVM running for 19.268)
2019.09.29 at 16:12:50 CST INFO  org.springframework.amqp.rabbit.listener.SimpleMessageListenerContainer doShutdown() @586 - Waiting for workers to finish.
2019.09.29 at 16:12:50 CST INFO  org.springframework.amqp.rabbit.listener.SimpleMessageListenerContainer doShutdown() @589 - Successfully waited for workers to finish.
2019.09.29 at 16:12:50 CST INFO  org.springframework.amqp.rabbit.listener.SimpleMessageListenerContainer doShutdown() @586 - Waiting for workers to finish.
2019.09.29 at 16:12:51 CST INFO  org.springframework.amqp.rabbit.listener.SimpleMessageListenerContainer doShutdown() @589 - Successfully waited for workers to finish.
2019.09.29 at 16:12:51 CST INFO  org.springframework.amqp.rabbit.listener.AbstractMessageListenerContainer shutdown() @1226 - Shutdown ignored - container is not active already
2019.09.29 at 16:12:51 CST INFO  org.springframework.amqp.rabbit.listener.AbstractMessageListenerContainer shutdown() @1226 - Shutdown ignored - container is not active already
2019.09.29 at 16:12:51 CST INFO  org.springframework.scheduling.concurrent.ExecutorConfigurationSupport shutdown() @208 - Shutting down ExecutorService 'applicationTaskExecutor'
2019.09.29 at 16:12:51 CST INFO  com.alibaba.druid.pool.DruidDataSource close() @1825 - {dataSource-1} closed
2019.09.29 at 16:24:40 CST INFO  org.springframework.test.context.support.AbstractTestContextBootstrapper buildDefaultMergedContextConfiguration() @308 - Neither @ContextConfiguration nor @ContextHierarchy found for test class [zhaoyy.integration.IntegrationApplicationTests], using SpringBootContextLoader
2019.09.29 at 16:24:40 CST INFO  org.springframework.test.context.support.AbstractContextLoader generateDefaultLocations() @264 - Could not detect default resource locations for test class [zhaoyy.integration.IntegrationApplicationTests]: no resource found for suffixes {-context.xml, Context.groovy}.
2019.09.29 at 16:24:40 CST INFO  org.springframework.test.context.support.AnnotationConfigContextLoaderUtils detectDefaultConfigurationClasses() @83 - Could not detect default configuration classes for test class [zhaoyy.integration.IntegrationApplicationTests]: IntegrationApplicationTests does not declare any static, non-private, non-final, nested classes annotated with @Configuration.
2019.09.29 at 16:24:41 CST INFO  org.springframework.boot.test.context.SpringBootTestContextBootstrapper getOrFindConfigurationClasses() @235 - Found @SpringBootConfiguration zhaoyy.integration.IntegrationApplication for test class zhaoyy.integration.IntegrationApplicationTests
2019.09.29 at 16:24:41 CST INFO  org.springframework.test.context.support.AbstractTestContextBootstrapper getDefaultTestExecutionListenerClassNames() @248 - Loaded default TestExecutionListener class names from location [META-INF/spring.factories]: [org.springframework.boot.test.mock.mockito.MockitoTestExecutionListener, org.springframework.boot.test.mock.mockito.ResetMocksTestExecutionListener, org.springframework.boot.test.autoconfigure.restdocs.RestDocsTestExecutionListener, org.springframework.boot.test.autoconfigure.web.client.MockRestServiceServerResetTestExecutionListener, org.springframework.boot.test.autoconfigure.web.servlet.MockMvcPrintOnlyOnFailureTestExecutionListener, org.springframework.boot.test.autoconfigure.web.servlet.WebDriverTestExecutionListener, org.springframework.test.context.web.ServletTestExecutionListener, org.springframework.test.context.support.DirtiesContextBeforeModesTestExecutionListener, org.springframework.test.context.support.DependencyInjectionTestExecutionListener, org.springframework.test.context.support.DirtiesContextTestExecutionListener, org.springframework.test.context.transaction.TransactionalTestExecutionListener, org.springframework.test.context.jdbc.SqlScriptsTestExecutionListener]
2019.09.29 at 16:24:41 CST INFO  org.springframework.test.context.support.AbstractTestContextBootstrapper getTestExecutionListeners() @177 - Using TestExecutionListeners: [org.springframework.test.context.web.ServletTestExecutionListener@53bf7094, org.springframework.test.context.support.DirtiesContextBeforeModesTestExecutionListener@26f1249d, org.springframework.boot.test.mock.mockito.MockitoTestExecutionListener@710b30ef, org.springframework.boot.test.autoconfigure.SpringBootDependencyInjectionTestExecutionListener@a68df9, org.springframework.test.context.support.DirtiesContextTestExecutionListener@28b576a9, org.springframework.test.context.transaction.TransactionalTestExecutionListener@7cf7aee, org.springframework.test.context.jdbc.SqlScriptsTestExecutionListener@2f6bbeb0, org.springframework.boot.test.mock.mockito.ResetMocksTestExecutionListener@1b1637e1, org.springframework.boot.test.autoconfigure.restdocs.RestDocsTestExecutionListener@18151a14, org.springframework.boot.test.autoconfigure.web.client.MockRestServiceServerResetTestExecutionListener@64711bf2, org.springframework.boot.test.autoconfigure.web.servlet.MockMvcPrintOnlyOnFailureTestExecutionListener@169da7f2, org.springframework.boot.test.autoconfigure.web.servlet.WebDriverTestExecutionListener@3c1e23ff]
2019.09.29 at 16:24:42 CST INFO  org.springframework.boot.StartupInfoLogger logStarting() @50 - Starting IntegrationApplicationTests on zhaoyuyang1190 with PID 10112 (started by Administrator in D:\workplace\integration)
2019.09.29 at 16:24:42 CST INFO  org.springframework.boot.SpringApplication logStartupProfileInfo() @648 - No active profile set, falling back to default profiles: default
2019.09.29 at 16:24:46 CST INFO  com.alibaba.druid.spring.boot.autoconfigure.DruidDataSourceAutoConfigure dataSource() @56 - Init DruidDataSource
2019.09.29 at 16:24:47 CST INFO  com.alibaba.druid.pool.DruidDataSource init() @930 - {dataSource-1} inited
2019.09.29 at 16:24:50 CST INFO  org.springframework.scheduling.concurrent.ExecutorConfigurationSupport initialize() @171 - Initializing ExecutorService 'applicationTaskExecutor'
2019.09.29 at 16:24:51 CST INFO  org.springframework.amqp.rabbit.connection.AbstractConnectionFactory createBareConnection() @482 - Attempting to connect to: [127.0.0.1:5672]
2019.09.29 at 16:24:51 CST INFO  org.springframework.amqp.rabbit.connection.AbstractConnectionFactory createBareConnection() @517 - Created new connection: rabbitConnectionFactory#57ce2898:0/SimpleConnection@495da9a7 [delegate=amqp://admin@127.0.0.1:5672/, localPort= 54898]
2019.09.29 at 16:24:52 CST INFO  org.springframework.boot.StartupInfoLogger logStarted() @59 - Started IntegrationApplicationTests in 10.636 seconds (JVM running for 15.986)
2019.09.29 at 16:24:53 CST INFO  org.springframework.amqp.rabbit.listener.SimpleMessageListenerContainer doShutdown() @586 - Waiting for workers to finish.
2019.09.29 at 16:24:54 CST INFO  org.springframework.amqp.rabbit.listener.SimpleMessageListenerContainer doShutdown() @589 - Successfully waited for workers to finish.
2019.09.29 at 16:24:54 CST INFO  org.springframework.amqp.rabbit.listener.SimpleMessageListenerContainer doShutdown() @586 - Waiting for workers to finish.
2019.09.29 at 16:24:54 CST INFO  org.springframework.amqp.rabbit.listener.SimpleMessageListenerContainer doShutdown() @589 - Successfully waited for workers to finish.
2019.09.29 at 16:24:54 CST INFO  org.springframework.amqp.rabbit.listener.AbstractMessageListenerContainer shutdown() @1226 - Shutdown ignored - container is not active already
2019.09.29 at 16:24:54 CST INFO  org.springframework.amqp.rabbit.listener.AbstractMessageListenerContainer shutdown() @1226 - Shutdown ignored - container is not active already
2019.09.29 at 16:24:54 CST INFO  org.springframework.scheduling.concurrent.ExecutorConfigurationSupport shutdown() @208 - Shutting down ExecutorService 'applicationTaskExecutor'
2019.09.29 at 16:24:54 CST INFO  com.alibaba.druid.pool.DruidDataSource close() @1825 - {dataSource-1} closed
2019.09.29 at 16:30:36 CST INFO  org.springframework.boot.StartupInfoLogger logStarting() @50 - Starting IntegrationApplication on zhaoyuyang1190 with PID 8324 (D:\workplace\integration\target\classes started by Administrator in D:\workplace\integration)
2019.09.29 at 16:30:36 CST INFO  org.springframework.boot.SpringApplication logStartupProfileInfo() @648 - No active profile set, falling back to default profiles: default
2019.09.29 at 16:30:38 CST INFO  org.springframework.boot.web.embedded.tomcat.TomcatWebServer initialize() @90 - Tomcat initialized with port(s): 8888 (http)
2019.09.29 at 16:30:38 CST INFO  org.apache.juli.logging.DirectJDKLog log() @173 - Initializing ProtocolHandler ["http-nio-8888"]
2019.09.29 at 16:30:38 CST INFO  org.apache.juli.logging.DirectJDKLog log() @173 - Starting service [Tomcat]
2019.09.29 at 16:30:38 CST INFO  org.apache.juli.logging.DirectJDKLog log() @173 - Starting Servlet engine: [Apache Tomcat/9.0.24]
2019.09.29 at 16:30:39 CST INFO  org.apache.juli.logging.DirectJDKLog log() @173 - Initializing Spring embedded WebApplicationContext
2019.09.29 at 16:30:39 CST INFO  org.springframework.boot.web.servlet.context.ServletWebServerApplicationContext prepareWebApplicationContext() @284 - Root WebApplicationContext: initialization completed in 2444 ms
2019.09.29 at 16:30:40 CST INFO  com.alibaba.druid.spring.boot.autoconfigure.DruidDataSourceAutoConfigure dataSource() @56 - Init DruidDataSource
2019.09.29 at 16:30:40 CST INFO  com.alibaba.druid.pool.DruidDataSource init() @930 - {dataSource-1} inited
2019.09.29 at 16:30:40 CST INFO  org.springframework.scheduling.concurrent.ExecutorConfigurationSupport initialize() @171 - Initializing ExecutorService 'applicationTaskExecutor'
2019.09.29 at 16:30:42 CST INFO  org.springframework.amqp.rabbit.connection.AbstractConnectionFactory createBareConnection() @482 - Attempting to connect to: [127.0.0.1:5672]
2019.09.29 at 16:30:42 CST INFO  org.springframework.amqp.rabbit.connection.AbstractConnectionFactory createBareConnection() @517 - Created new connection: rabbitConnectionFactory#63917fe1:0/SimpleConnection@2d9de284 [delegate=amqp://admin@127.0.0.1:5672/, localPort= 55363]
2019.09.29 at 16:30:42 CST INFO  org.apache.juli.logging.DirectJDKLog log() @173 - Starting ProtocolHandler ["http-nio-8888"]
2019.09.29 at 16:30:42 CST INFO  org.springframework.boot.web.embedded.tomcat.TomcatWebServer start() @202 - Tomcat started on port(s): 8888 (http) with context path ''
2019.09.29 at 16:30:42 CST INFO  org.springframework.boot.StartupInfoLogger logStarted() @59 - Started IntegrationApplication in 6.575 seconds (JVM running for 9.314)
2019.09.29 at 16:32:44 CST INFO  org.apache.juli.logging.DirectJDKLog log() @173 - Initializing Spring DispatcherServlet 'dispatcherServlet'
2019.09.29 at 16:32:44 CST INFO  org.springframework.web.servlet.FrameworkServlet initServletBean() @524 - Initializing Servlet 'dispatcherServlet'
2019.09.29 at 16:32:44 CST INFO  org.springframework.web.servlet.FrameworkServlet initServletBean() @546 - Completed initialization in 9 ms
2019.09.29 at 16:57:48 CST INFO  org.springframework.boot.StartupInfoLogger logStarting() @50 - Starting IntegrationApplication on zhaoyuyang1190 with PID 9376 (D:\workplace\integration\target\classes started by Administrator in D:\workplace\integration)
2019.09.29 at 16:57:48 CST INFO  org.springframework.boot.SpringApplication logStartupProfileInfo() @648 - No active profile set, falling back to default profiles: default
2019.09.29 at 16:57:49 CST INFO  org.springframework.boot.web.embedded.tomcat.TomcatWebServer initialize() @90 - Tomcat initialized with port(s): 8888 (http)
2019.09.29 at 16:57:49 CST INFO  org.apache.juli.logging.DirectJDKLog log() @173 - Initializing ProtocolHandler ["http-nio-8888"]
2019.09.29 at 16:57:49 CST INFO  org.apache.juli.logging.DirectJDKLog log() @173 - Starting service [Tomcat]
2019.09.29 at 16:57:49 CST INFO  org.apache.juli.logging.DirectJDKLog log() @173 - Starting Servlet engine: [Apache Tomcat/9.0.24]
2019.09.29 at 16:57:49 CST INFO  org.apache.juli.logging.DirectJDKLog log() @173 - Initializing Spring embedded WebApplicationContext
2019.09.29 at 16:57:49 CST INFO  org.springframework.boot.web.servlet.context.ServletWebServerApplicationContext prepareWebApplicationContext() @284 - Root WebApplicationContext: initialization completed in 1510 ms
2019.09.29 at 16:57:49 CST INFO  com.alibaba.druid.spring.boot.autoconfigure.DruidDataSourceAutoConfigure dataSource() @56 - Init DruidDataSource
2019.09.29 at 16:57:49 CST INFO  com.alibaba.druid.pool.DruidDataSource init() @930 - {dataSource-1} inited
2019.09.29 at 16:57:50 CST INFO  org.springframework.scheduling.concurrent.ExecutorConfigurationSupport initialize() @171 - Initializing ExecutorService 'applicationTaskExecutor'
2019.09.29 at 16:57:51 CST INFO  org.springframework.amqp.rabbit.connection.AbstractConnectionFactory createBareConnection() @482 - Attempting to connect to: [127.0.0.1:5672]
2019.09.29 at 16:57:51 CST INFO  org.springframework.amqp.rabbit.connection.AbstractConnectionFactory createBareConnection() @517 - Created new connection: rabbitConnectionFactory#6c8efde4:0/SimpleConnection@4ad1a276 [delegate=amqp://admin@127.0.0.1:5672/, localPort= 57686]
2019.09.29 at 16:57:51 CST INFO  org.apache.juli.logging.DirectJDKLog log() @173 - Starting ProtocolHandler ["http-nio-8888"]
2019.09.29 at 16:57:51 CST INFO  org.springframework.boot.web.embedded.tomcat.TomcatWebServer start() @202 - Tomcat started on port(s): 8888 (http) with context path ''
2019.09.29 at 16:57:51 CST INFO  org.springframework.boot.StartupInfoLogger logStarted() @59 - Started IntegrationApplication in 4.248 seconds (JVM running for 6.283)
2019.09.29 at 16:58:42 CST INFO  org.apache.juli.logging.DirectJDKLog log() @173 - Initializing Spring DispatcherServlet 'dispatcherServlet'
2019.09.29 at 16:58:42 CST INFO  org.springframework.web.servlet.FrameworkServlet initServletBean() @524 - Initializing Servlet 'dispatcherServlet'
2019.09.29 at 16:58:42 CST INFO  org.springframework.web.servlet.FrameworkServlet initServletBean() @546 - Completed initialization in 8 ms
2019.09.29 at 17:02:50 CST INFO  org.springframework.boot.StartupInfoLogger logStarting() @50 - Starting IntegrationApplication on zhaoyuyang1190 with PID 7048 (D:\workplace\integration\target\classes started by Administrator in D:\workplace\integration)
2019.09.29 at 17:02:50 CST INFO  org.springframework.boot.SpringApplication logStartupProfileInfo() @648 - No active profile set, falling back to default profiles: default
2019.09.29 at 17:02:51 CST INFO  org.springframework.boot.web.embedded.tomcat.TomcatWebServer initialize() @90 - Tomcat initialized with port(s): 8888 (http)
2019.09.29 at 17:02:51 CST INFO  org.apache.juli.logging.DirectJDKLog log() @173 - Initializing ProtocolHandler ["http-nio-8888"]
2019.09.29 at 17:02:51 CST INFO  org.apache.juli.logging.DirectJDKLog log() @173 - Starting service [Tomcat]
2019.09.29 at 17:02:51 CST INFO  org.apache.juli.logging.DirectJDKLog log() @173 - Starting Servlet engine: [Apache Tomcat/9.0.24]
2019.09.29 at 17:02:52 CST INFO  org.apache.juli.logging.DirectJDKLog log() @173 - Initializing Spring embedded WebApplicationContext
2019.09.29 at 17:02:52 CST INFO  org.springframework.boot.web.servlet.context.ServletWebServerApplicationContext prepareWebApplicationContext() @284 - Root WebApplicationContext: initialization completed in 1829 ms
2019.09.29 at 17:02:52 CST INFO  com.alibaba.druid.spring.boot.autoconfigure.DruidDataSourceAutoConfigure dataSource() @56 - Init DruidDataSource
2019.09.29 at 17:02:52 CST INFO  com.alibaba.druid.pool.DruidDataSource init() @930 - {dataSource-1} inited
2019.09.29 at 17:02:53 CST INFO  org.springframework.scheduling.concurrent.ExecutorConfigurationSupport initialize() @171 - Initializing ExecutorService 'applicationTaskExecutor'
2019.09.29 at 17:02:53 CST INFO  org.springframework.amqp.rabbit.connection.AbstractConnectionFactory createBareConnection() @482 - Attempting to connect to: [127.0.0.1:5672]
2019.09.29 at 17:02:53 CST INFO  org.springframework.amqp.rabbit.connection.AbstractConnectionFactory createBareConnection() @517 - Created new connection: rabbitConnectionFactory#782fd504:0/SimpleConnection@a357c3e [delegate=amqp://admin@127.0.0.1:5672/, localPort= 58083]
2019.09.29 at 17:02:53 CST INFO  org.apache.juli.logging.DirectJDKLog log() @173 - Starting ProtocolHandler ["http-nio-8888"]
2019.09.29 at 17:02:53 CST INFO  org.springframework.boot.web.embedded.tomcat.TomcatWebServer start() @202 - Tomcat started on port(s): 8888 (http) with context path ''
2019.09.29 at 17:02:53 CST INFO  org.springframework.boot.StartupInfoLogger logStarted() @59 - Started IntegrationApplication in 4.175 seconds (JVM running for 6.886)
2019.09.29 at 17:03:06 CST INFO  org.apache.juli.logging.DirectJDKLog log() @173 - Initializing Spring DispatcherServlet 'dispatcherServlet'
2019.09.29 at 17:03:06 CST INFO  org.springframework.web.servlet.FrameworkServlet initServletBean() @524 - Initializing Servlet 'dispatcherServlet'
2019.09.29 at 17:03:06 CST INFO  org.springframework.web.servlet.FrameworkServlet initServletBean() @546 - Completed initialization in 7 ms
2019.09.29 at 17:05:54 CST INFO  org.springframework.boot.StartupInfoLogger logStarting() @50 - Starting IntegrationApplication on zhaoyuyang1190 with PID 4688 (D:\workplace\integration\target\classes started by Administrator in D:\workplace\integration)
2019.09.29 at 17:05:54 CST INFO  org.springframework.boot.SpringApplication logStartupProfileInfo() @648 - No active profile set, falling back to default profiles: default
2019.09.29 at 17:05:56 CST INFO  org.springframework.boot.web.embedded.tomcat.TomcatWebServer initialize() @90 - Tomcat initialized with port(s): 8888 (http)
2019.09.29 at 17:05:56 CST INFO  org.apache.juli.logging.DirectJDKLog log() @173 - Initializing ProtocolHandler ["http-nio-8888"]
2019.09.29 at 17:05:56 CST INFO  org.apache.juli.logging.DirectJDKLog log() @173 - Starting service [Tomcat]
2019.09.29 at 17:05:56 CST INFO  org.apache.juli.logging.DirectJDKLog log() @173 - Starting Servlet engine: [Apache Tomcat/9.0.24]
2019.09.29 at 17:05:56 CST INFO  org.apache.juli.logging.DirectJDKLog log() @173 - Initializing Spring embedded WebApplicationContext
2019.09.29 at 17:05:56 CST INFO  org.springframework.boot.web.servlet.context.ServletWebServerApplicationContext prepareWebApplicationContext() @284 - Root WebApplicationContext: initialization completed in 1637 ms
2019.09.29 at 17:05:56 CST INFO  com.alibaba.druid.spring.boot.autoconfigure.DruidDataSourceAutoConfigure dataSource() @56 - Init DruidDataSource
2019.09.29 at 17:05:56 CST INFO  com.alibaba.druid.pool.DruidDataSource init() @930 - {dataSource-1} inited
2019.09.29 at 17:05:57 CST INFO  org.springframework.scheduling.concurrent.ExecutorConfigurationSupport initialize() @171 - Initializing ExecutorService 'applicationTaskExecutor'
2019.09.29 at 17:05:58 CST INFO  org.springframework.amqp.rabbit.connection.AbstractConnectionFactory createBareConnection() @482 - Attempting to connect to: [127.0.0.1:5672]
2019.09.29 at 17:05:58 CST INFO  org.springframework.amqp.rabbit.connection.AbstractConnectionFactory createBareConnection() @517 - Created new connection: rabbitConnectionFactory#a316f6b:0/SimpleConnection@779228dc [delegate=amqp://admin@127.0.0.1:5672/, localPort= 58351]
2019.09.29 at 17:05:58 CST INFO  org.apache.juli.logging.DirectJDKLog log() @173 - Starting ProtocolHandler ["http-nio-8888"]
2019.09.29 at 17:05:58 CST INFO  org.springframework.boot.web.embedded.tomcat.TomcatWebServer start() @202 - Tomcat started on port(s): 8888 (http) with context path ''
2019.09.29 at 17:05:58 CST INFO  org.springframework.boot.StartupInfoLogger logStarted() @59 - Started IntegrationApplication in 4.033 seconds (JVM running for 6.1)
2019.09.29 at 17:06:18 CST INFO  org.apache.juli.logging.DirectJDKLog log() @173 - Initializing Spring DispatcherServlet 'dispatcherServlet'
2019.09.29 at 17:06:18 CST INFO  org.springframework.web.servlet.FrameworkServlet initServletBean() @524 - Initializing Servlet 'dispatcherServlet'
2019.09.29 at 17:06:18 CST INFO  org.springframework.web.servlet.FrameworkServlet initServletBean() @546 - Completed initialization in 7 ms
2019.09.29 at 17:09:04 CST INFO  org.springframework.boot.StartupInfoLogger logStarting() @50 - Starting IntegrationApplication on zhaoyuyang1190 with PID 6152 (D:\workplace\integration\target\classes started by Administrator in D:\workplace\integration)
2019.09.29 at 17:09:04 CST INFO  org.springframework.boot.SpringApplication logStartupProfileInfo() @648 - No active profile set, falling back to default profiles: default
2019.09.29 at 17:09:06 CST INFO  org.springframework.boot.web.embedded.tomcat.TomcatWebServer initialize() @90 - Tomcat initialized with port(s): 8888 (http)
2019.09.29 at 17:09:06 CST INFO  org.apache.juli.logging.DirectJDKLog log() @173 - Initializing ProtocolHandler ["http-nio-8888"]
2019.09.29 at 17:09:06 CST INFO  org.apache.juli.logging.DirectJDKLog log() @173 - Starting service [Tomcat]
2019.09.29 at 17:09:06 CST INFO  org.apache.juli.logging.DirectJDKLog log() @173 - Starting Servlet engine: [Apache Tomcat/9.0.24]
2019.09.29 at 17:09:06 CST INFO  org.apache.juli.logging.DirectJDKLog log() @173 - Initializing Spring embedded WebApplicationContext
2019.09.29 at 17:09:06 CST INFO  org.springframework.boot.web.servlet.context.ServletWebServerApplicationContext prepareWebApplicationContext() @284 - Root WebApplicationContext: initialization completed in 1530 ms
2019.09.29 at 17:09:06 CST INFO  com.alibaba.druid.spring.boot.autoconfigure.DruidDataSourceAutoConfigure dataSource() @56 - Init DruidDataSource
2019.09.29 at 17:09:06 CST INFO  com.alibaba.druid.pool.DruidDataSource init() @930 - {dataSource-1} inited
2019.09.29 at 17:09:07 CST INFO  org.springframework.scheduling.concurrent.ExecutorConfigurationSupport initialize() @171 - Initializing ExecutorService 'applicationTaskExecutor'
2019.09.29 at 17:09:07 CST INFO  org.springframework.amqp.rabbit.connection.AbstractConnectionFactory createBareConnection() @482 - Attempting to connect to: [127.0.0.1:5672]
2019.09.29 at 17:09:07 CST INFO  org.springframework.amqp.rabbit.connection.AbstractConnectionFactory createBareConnection() @517 - Created new connection: rabbitConnectionFactory#71b97eeb:0/SimpleConnection@70f85235 [delegate=amqp://admin@127.0.0.1:5672/, localPort= 58632]
2019.09.29 at 17:09:07 CST INFO  org.apache.juli.logging.DirectJDKLog log() @173 - Starting ProtocolHandler ["http-nio-8888"]
2019.09.29 at 17:09:07 CST INFO  org.springframework.boot.web.embedded.tomcat.TomcatWebServer start() @202 - Tomcat started on port(s): 8888 (http) with context path ''
2019.09.29 at 17:09:07 CST INFO  org.springframework.boot.StartupInfoLogger logStarted() @59 - Started IntegrationApplication in 3.881 seconds (JVM running for 5.703)
2019.09.29 at 17:09:48 CST INFO  org.apache.juli.logging.DirectJDKLog log() @173 - Initializing Spring DispatcherServlet 'dispatcherServlet'
2019.09.29 at 17:09:48 CST INFO  org.springframework.web.servlet.FrameworkServlet initServletBean() @524 - Initializing Servlet 'dispatcherServlet'
2019.09.29 at 17:09:48 CST INFO  org.springframework.web.servlet.FrameworkServlet initServletBean() @546 - Completed initialization in 6 ms
2019.09.29 at 17:11:13 CST INFO  org.springframework.boot.StartupInfoLogger logStarting() @50 - Starting IntegrationApplication on zhaoyuyang1190 with PID 10168 (D:\workplace\integration\target\classes started by Administrator in D:\workplace\integration)
2019.09.29 at 17:11:13 CST INFO  org.springframework.boot.SpringApplication logStartupProfileInfo() @648 - No active profile set, falling back to default profiles: default
2019.09.29 at 17:11:15 CST INFO  org.springframework.boot.web.embedded.tomcat.TomcatWebServer initialize() @90 - Tomcat initialized with port(s): 8888 (http)
2019.09.29 at 17:11:15 CST INFO  org.apache.juli.logging.DirectJDKLog log() @173 - Initializing ProtocolHandler ["http-nio-8888"]
2019.09.29 at 17:11:15 CST INFO  org.apache.juli.logging.DirectJDKLog log() @173 - Starting service [Tomcat]
2019.09.29 at 17:11:15 CST INFO  org.apache.juli.logging.DirectJDKLog log() @173 - Starting Servlet engine: [Apache Tomcat/9.0.24]
2019.09.29 at 17:11:15 CST INFO  org.apache.juli.logging.DirectJDKLog log() @173 - Initializing Spring embedded WebApplicationContext
2019.09.29 at 17:11:15 CST INFO  org.springframework.boot.web.servlet.context.ServletWebServerApplicationContext prepareWebApplicationContext() @284 - Root WebApplicationContext: initialization completed in 2368 ms
2019.09.29 at 17:11:15 CST INFO  com.alibaba.druid.spring.boot.autoconfigure.DruidDataSourceAutoConfigure dataSource() @56 - Init DruidDataSource
2019.09.29 at 17:11:16 CST INFO  com.alibaba.druid.pool.DruidDataSource init() @930 - {dataSource-1} inited
2019.09.29 at 17:11:16 CST INFO  org.springframework.scheduling.concurrent.ExecutorConfigurationSupport initialize() @171 - Initializing ExecutorService 'applicationTaskExecutor'
2019.09.29 at 17:11:17 CST INFO  org.springframework.amqp.rabbit.connection.AbstractConnectionFactory createBareConnection() @482 - Attempting to connect to: [127.0.0.1:5672]
2019.09.29 at 17:11:17 CST INFO  org.springframework.amqp.rabbit.connection.AbstractConnectionFactory createBareConnection() @517 - Created new connection: rabbitConnectionFactory#722531ab:0/SimpleConnection@77c692b4 [delegate=amqp://admin@127.0.0.1:5672/, localPort= 58833]
2019.09.29 at 17:11:17 CST INFO  org.apache.juli.logging.DirectJDKLog log() @173 - Starting ProtocolHandler ["http-nio-8888"]
2019.09.29 at 17:11:17 CST INFO  org.springframework.boot.web.embedded.tomcat.TomcatWebServer start() @202 - Tomcat started on port(s): 8888 (http) with context path ''
2019.09.29 at 17:11:17 CST INFO  org.springframework.boot.StartupInfoLogger logStarted() @59 - Started IntegrationApplication in 4.91 seconds (JVM running for 7.18)
2019.09.29 at 17:12:42 CST INFO  org.apache.juli.logging.DirectJDKLog log() @173 - Initializing Spring DispatcherServlet 'dispatcherServlet'
2019.09.29 at 17:12:42 CST INFO  org.springframework.web.servlet.FrameworkServlet initServletBean() @524 - Initializing Servlet 'dispatcherServlet'
2019.09.29 at 17:12:42 CST INFO  org.springframework.web.servlet.FrameworkServlet initServletBean() @546 - Completed initialization in 9 ms
2019.09.29 at 17:16:53 CST INFO  org.springframework.boot.StartupInfoLogger logStarting() @50 - Starting IntegrationApplication on zhaoyuyang1190 with PID 7224 (D:\workplace\integration\target\classes started by Administrator in D:\workplace\integration)
2019.09.29 at 17:16:53 CST INFO  org.springframework.boot.SpringApplication logStartupProfileInfo() @648 - No active profile set, falling back to default profiles: default
2019.09.29 at 17:16:55 CST INFO  org.springframework.boot.web.embedded.tomcat.TomcatWebServer initialize() @90 - Tomcat initialized with port(s): 8888 (http)
2019.09.29 at 17:16:55 CST INFO  org.apache.juli.logging.DirectJDKLog log() @173 - Initializing ProtocolHandler ["http-nio-8888"]
2019.09.29 at 17:16:55 CST INFO  org.apache.juli.logging.DirectJDKLog log() @173 - Starting service [Tomcat]
2019.09.29 at 17:16:55 CST INFO  org.apache.juli.logging.DirectJDKLog log() @173 - Starting Servlet engine: [Apache Tomcat/9.0.24]
2019.09.29 at 17:16:55 CST INFO  org.apache.juli.logging.DirectJDKLog log() @173 - Initializing Spring embedded WebApplicationContext
2019.09.29 at 17:16:55 CST INFO  org.springframework.boot.web.servlet.context.ServletWebServerApplicationContext prepareWebApplicationContext() @284 - Root WebApplicationContext: initialization completed in 1536 ms
2019.09.29 at 17:16:55 CST INFO  com.alibaba.druid.spring.boot.autoconfigure.DruidDataSourceAutoConfigure dataSource() @56 - Init DruidDataSource
2019.09.29 at 17:16:55 CST INFO  com.alibaba.druid.pool.DruidDataSource init() @930 - {dataSource-1} inited
2019.09.29 at 17:16:56 CST INFO  org.springframework.scheduling.concurrent.ExecutorConfigurationSupport initialize() @171 - Initializing ExecutorService 'applicationTaskExecutor'
2019.09.29 at 17:16:56 CST INFO  org.springframework.amqp.rabbit.connection.AbstractConnectionFactory createBareConnection() @482 - Attempting to connect to: [127.0.0.1:5672]
2019.09.29 at 17:16:56 CST INFO  org.springframework.amqp.rabbit.connection.AbstractConnectionFactory createBareConnection() @517 - Created new connection: rabbitConnectionFactory#782fd504:0/SimpleConnection@a357c3e [delegate=amqp://admin@127.0.0.1:5672/, localPort= 59320]
2019.09.29 at 17:16:56 CST INFO  org.apache.juli.logging.DirectJDKLog log() @173 - Starting ProtocolHandler ["http-nio-8888"]
2019.09.29 at 17:16:56 CST INFO  org.springframework.boot.web.embedded.tomcat.TomcatWebServer start() @202 - Tomcat started on port(s): 8888 (http) with context path ''
2019.09.29 at 17:16:56 CST INFO  org.springframework.boot.StartupInfoLogger logStarted() @59 - Started IntegrationApplication in 3.852 seconds (JVM running for 5.75)
2019.09.29 at 17:17:01 CST INFO  org.apache.juli.logging.DirectJDKLog log() @173 - Initializing Spring DispatcherServlet 'dispatcherServlet'
2019.09.29 at 17:17:01 CST INFO  org.springframework.web.servlet.FrameworkServlet initServletBean() @524 - Initializing Servlet 'dispatcherServlet'
2019.09.29 at 17:17:01 CST INFO  org.springframework.web.servlet.FrameworkServlet initServletBean() @546 - Completed initialization in 10 ms
